Command line:
   memoria_ROM_isim_beh.exe
     -simmode  gui
     -simrunnum  0
     -socket  15339

Wed Mar 25 15:49:13 2015


 Elaboration Time: 0.4375 sec

 Current Memory Usage: 415.363 Meg

 Total Signals          : 3
 Total Nets             : 65564
 Total Signal Drivers   : 1
 Total Blocks           : 6
 Total Primitive Blocks : 6
 Total Processes        : 1
 Total Traceable Variables  : 14
 Total Scalar Nets and Variables : 66464
Total Line Count : 1

 Total Simulation Time: 0.609375 sec

 Current Memory Usage: 729.952 Meg

Wed Mar 25 15:49:51 2015

