ISim log file
Running: C:\Users\Nmac\Documents\GitHub\AAC\uRisc_xilinx_1\test_isim_beh.exe -intstyle ise -gui -tclbatch isim.cmd -wdb C:/Users/Nmac/Documents/GitHub/AAC/uRisc_xilinx_1/test_isim_beh.wdb 
ISim O.87xd (signature 0xc3576ebc)
WARNING: A WEBPACK license was found.
WARNING: Please use Xilinx License Configuration Manager to check out a full ISim license.
WARNING: ISim will run in Lite mode. Please refer to the ISim documentation for more information on the differences between the Lite and the Full version.
This is a Lite version of ISim.
Time resolution is 1 ps
# onerror resume
# wave add /
# run 1000 ns
Simulator is doing circuit initialization process.
at 0 ps, Instance /test/uut/inst_InF/ : Warning: There is an 'U'|'X'|'W'|'Z'|'-' in an arithmetic operand, the result will be 'X'(es).
at 0 ps, Instance /test/uut/inst_memoria_ROM/ : Warning: CONV_INTEGER: There is an 'U'|'X'|'W'|'Z'|'-' in an arithmetic operand, and it has been converted to 0.
Finished circuit initialization process.
at 0 ps, Instance /test/uut/inst_EXeMEM/ : Warning: There is an 'U'|'X'|'W'|'Z'|'-' in an arithmetic operand, the result will be 'X'(es).
# run all
Stopped at time : 1387065 ns : File "C:/Users/Nmac/Documents/GitHub/AAC/uRisc_xilinx_1/IF.vhd" Line 90
# restart
# run 1.00us
Simulator is doing circuit initialization process.
at 0 ps, Instance /test/uut/inst_memoria_ROM/ : Warning: CONV_INTEGER: There is an 'U'|'X'|'W'|'Z'|'-' in an arithmetic operand, and it has been converted to 0.
Finished circuit initialization process.
at 0 ps, Instance /test/uut/inst_EXeMEM/ : Warning: There is an 'U'|'X'|'W'|'Z'|'-' in an arithmetic operand, the result will be 'X'(es).
# run 1.00us
# restart
# run 1.00us
Simulator is doing circuit initialization process.
at 0 ps, Instance /test/uut/inst_memoria_ROM/ : Warning: CONV_INTEGER: There is an 'U'|'X'|'W'|'Z'|'-' in an arithmetic operand, and it has been converted to 0.
Finished circuit initialization process.
at 0 ps, Instance /test/uut/inst_EXeMEM/ : Warning: There is an 'U'|'X'|'W'|'Z'|'-' in an arithmetic operand, the result will be 'X'(es).
# restart
# run all
Simulator is doing circuit initialization process.
at 0 ps, Instance /test/uut/inst_memoria_ROM/ : Warning: CONV_INTEGER: There is an 'U'|'X'|'W'|'Z'|'-' in an arithmetic operand, and it has been converted to 0.
Finished circuit initialization process.
at 0 ps, Instance /test/uut/inst_EXeMEM/ : Warning: There is an 'U'|'X'|'W'|'Z'|'-' in an arithmetic operand, the result will be 'X'(es).
Stopped at time : 7386415 ns : File "C:/Users/Nmac/Documents/GitHub/AAC/uRisc_xilinx_1/memoria_ROM.vhd" Line 47
# run 1.00us
